mode: set
stt/services/account_service.go:17.94,22.2 1 1
stt/services/account_service.go:25.107,27.2 1 1
stt/services/account_service.go:29.85,31.2 1 1
stt/services/account_service.go:33.121,35.2 1 1
stt/services/account_service.go:38.108,40.2 1 1
stt/services/account_service.go:43.115,45.2 1 1
stt/services/account_service.go:50.128,53.74 2 1
stt/services/account_service.go:53.74,64.17 3 1
stt/services/account_service.go:64.17,66.4 1 0
stt/services/account_service.go:67.3,75.17 3 1
stt/services/account_service.go:75.17,77.4 1 0
stt/services/account_service.go:78.3,78.18 1 1
stt/services/account_service.go:80.2,80.20 1 1
stt/services/investment_service.go:15.100,20.2 1 1
stt/services/investment_service.go:22.112,26.2 3 1
stt/services/investment_service.go:29.90,31.2 1 1
stt/services/investment_service.go:33.104,35.2 1 1
stt/services/investment_service.go:38.102,40.2 1 0
stt/services/investment_service.go:42.134,44.2 1 1
stt/services/investment_service.go:47.135,49.2 1 1
stt/services/transaction_service.go:21.79,25.2 1 1
stt/services/transaction_service.go:27.124,28.34 1 1
stt/services/transaction_service.go:28.34,30.3 1 1
stt/services/transaction_service.go:30.8,30.42 1 1
stt/services/transaction_service.go:30.42,32.3 1 1
stt/services/transaction_service.go:33.2,33.66 1 0
stt/services/transaction_service.go:36.144,39.16 2 1
stt/services/transaction_service.go:39.16,41.3 1 0
stt/services/transaction_service.go:42.2,43.80 2 1
stt/services/transaction_service.go:43.80,45.44 2 1
stt/services/transaction_service.go:45.44,51.18 2 1
stt/services/transaction_service.go:51.18,52.29 1 1
stt/services/transaction_service.go:52.29,58.6 1 1
stt/services/transaction_service.go:59.5,59.19 1 1
stt/services/transaction_service.go:59.19,61.6 1 0
stt/services/transaction_service.go:65.4,82.18 2 1
stt/services/transaction_service.go:82.18,84.5 1 0
stt/services/transaction_service.go:87.4,87.44 1 1
stt/services/transaction_service.go:87.44,89.5 1 1
stt/services/transaction_service.go:89.10,89.52 1 1
stt/services/transaction_service.go:89.52,91.5 1 1
stt/services/transaction_service.go:92.4,92.18 1 1
stt/services/transaction_service.go:92.18,94.5 1 1
stt/services/transaction_service.go:95.4,95.68 1 1
stt/services/transaction_service.go:97.3,97.35 1 1
stt/services/transaction_service.go:99.2,99.16 1 1
stt/services/transaction_service.go:99.16,101.3 1 1
stt/services/transaction_service.go:102.2,103.9 2 1
stt/services/transaction_service.go:103.9,105.3 1 0
stt/services/transaction_service.go:106.2,106.49 1 1
stt/services/transaction_service.go:106.49,108.3 1 0
stt/services/transaction_service.go:109.2,109.26 1 1
stt/services/transaction_service.go:112.138,115.16 2 1
stt/services/transaction_service.go:115.16,117.3 1 0
stt/services/transaction_service.go:118.2,118.80 1 1
stt/services/transaction_service.go:118.80,124.17 2 1
stt/services/transaction_service.go:124.17,125.28 1 1
stt/services/transaction_service.go:125.28,131.5 1 1
stt/services/transaction_service.go:132.4,132.18 1 1
stt/services/transaction_service.go:132.18,134.5 1 0
stt/services/transaction_service.go:137.3,154.17 2 1
stt/services/transaction_service.go:154.17,156.4 1 0
stt/services/transaction_service.go:159.3,159.43 1 1
stt/services/transaction_service.go:159.43,161.4 1 1
stt/services/transaction_service.go:161.9,161.51 1 1
stt/services/transaction_service.go:161.51,163.4 1 1
stt/services/transaction_service.go:164.3,164.17 1 1
stt/services/transaction_service.go:164.17,166.4 1 0
stt/services/transaction_service.go:167.3,167.26 1 1
stt/services/transaction_service.go:169.2,169.16 1 1
stt/services/transaction_service.go:169.16,171.3 1 0
stt/services/transaction_service.go:172.2,173.9 2 1
stt/services/transaction_service.go:173.9,175.3 1 0
stt/services/transaction_service.go:176.2,176.16 1 1
stt/services/transaction_service.go:179.138,181.2 1 0
stt/services/transaction_service.go:183.155,185.2 1 1
stt/services/transaction_service.go:187.130,188.78 1 1
stt/services/transaction_service.go:188.78,191.17 2 1
stt/services/transaction_service.go:191.17,192.28 1 0
stt/services/transaction_service.go:192.28,194.5 1 0
stt/services/transaction_service.go:195.4,195.19 1 0
stt/services/transaction_service.go:198.3,199.17 2 1
stt/services/transaction_service.go:199.17,201.4 1 0
stt/services/transaction_service.go:202.3,203.46 2 1
stt/services/transaction_service.go:203.46,205.4 1 0
stt/services/transaction_service.go:208.3,213.17 2 1
stt/services/transaction_service.go:213.17,215.4 1 0
stt/services/transaction_service.go:218.3,222.17 2 1
stt/services/transaction_service.go:222.17,224.4 1 0
stt/services/transaction_service.go:227.3,251.17 5 1
stt/services/transaction_service.go:251.17,253.4 1 0
stt/services/transaction_service.go:256.3,270.17 2 1
stt/services/transaction_service.go:270.17,272.4 1 0
stt/services/transaction_service.go:273.3,273.26 1 1
stt/services/transaction_service.go:275.2,275.16 1 1
stt/services/transaction_service.go:275.16,277.3 1 0
stt/services/transaction_service.go:278.2,279.9 2 1
stt/services/transaction_service.go:279.9,282.3 2 0
stt/services/transaction_service.go:283.2,283.25 1 1
stt/services/transaction_service.go:286.131,287.82 1 1
stt/services/transaction_service.go:287.82,290.17 2 1
stt/services/transaction_service.go:290.17,292.4 1 0
stt/services/transaction_service.go:293.3,293.49 1 1
stt/services/transaction_service.go:293.49,296.4 2 0
stt/services/transaction_service.go:299.3,316.17 2 1
stt/services/transaction_service.go:316.17,318.4 1 0
stt/services/transaction_service.go:321.3,326.17 2 1
stt/services/transaction_service.go:326.17,328.4 1 0
stt/services/transaction_service.go:331.3,335.60 2 1
stt/services/transaction_service.go:335.60,337.4 1 0
stt/services/transaction_service.go:340.3,352.17 2 1
stt/services/transaction_service.go:352.17,354.4 1 0
stt/services/transaction_service.go:356.3,356.26 1 1
stt/services/transaction_service.go:358.2,358.16 1 1
stt/services/transaction_service.go:358.16,360.3 1 0
stt/services/transaction_service.go:361.2,362.9 2 1
stt/services/transaction_service.go:362.9,365.3 2 0
stt/services/transaction_service.go:366.2,366.25 1 1
stt/services/transaction_service.go:369.178,371.45 2 1
stt/services/transaction_service.go:371.45,373.3 1 1
stt/services/transaction_service.go:376.2,381.16 2 1
stt/services/transaction_service.go:381.16,383.3 1 0
stt/services/transaction_service.go:386.2,390.16 2 1
stt/services/transaction_service.go:390.16,392.3 1 0
stt/services/transaction_service.go:394.2,401.81 4 1
stt/services/transaction_service.go:401.81,403.3 1 1
stt/services/transaction_service.go:406.2,419.16 2 1
stt/services/transaction_service.go:419.16,421.3 1 0
stt/services/transaction_service.go:422.2,426.65 1 1
stt/services/transaction_service.go:426.65,428.3 1 0
stt/services/transaction_service.go:429.2,429.12 1 1
stt/services/transaction_service.go:432.153,433.56 1 1
stt/services/transaction_service.go:433.56,435.3 1 1
stt/services/transaction_service.go:437.2,437.68 1 1
stt/services/transaction_service.go:437.68,439.3 1 0
stt/services/transaction_service.go:440.2,441.66 2 1
stt/services/transaction_service.go:441.66,443.3 1 1
stt/services/transaction_service.go:446.2,451.16 2 1
stt/services/transaction_service.go:451.16,453.3 1 0
stt/services/transaction_service.go:456.2,462.59 2 1
stt/services/transaction_service.go:462.59,464.3 1 1
stt/services/transaction_service.go:465.2,477.16 2 1
stt/services/transaction_service.go:477.16,479.3 1 0
stt/services/transaction_service.go:480.2,484.104 1 1
stt/services/transaction_service.go:484.104,486.3 1 0
stt/services/transaction_service.go:487.2,487.12 1 1
stt/services/user_service.go:13.65,17.2 1 1
stt/services/user_service.go:20.98,22.2 1 1
stt/services/user_service.go:25.92,27.2 1 1
