mode: set
stt/services/account_service.go:18.94,23.2 1 1
stt/services/account_service.go:26.117,28.2 1 1
stt/services/account_service.go:31.107,33.2 1 1
stt/services/account_service.go:36.108,38.2 1 1
stt/services/account_service.go:41.85,43.2 1 1
stt/services/account_service.go:46.109,48.2 1 0
stt/services/account_service.go:51.115,53.2 1 1
stt/services/account_service.go:58.128,61.74 2 1
stt/services/account_service.go:61.74,72.17 5 1
stt/services/account_service.go:72.17,74.4 1 0
stt/services/account_service.go:75.3,90.17 4 1
stt/services/account_service.go:90.17,92.4 1 0
stt/services/account_service.go:93.3,93.18 1 1
stt/services/account_service.go:95.2,95.20 1 1
stt/services/account_service.go:99.91,101.2 1 1
stt/services/investment_service.go:15.100,20.2 1 1
stt/services/investment_service.go:23.102,25.2 1 0
stt/services/investment_service.go:28.134,30.2 1 0
stt/services/investment_service.go:33.112,37.2 3 1
stt/services/investment_service.go:40.64,41.24 1 0
stt/services/investment_service.go:45.125,47.2 1 1
stt/services/investment_service.go:50.54,51.24 1 0
stt/services/investment_service.go:55.88,57.2 1 1
stt/services/investment_service.go:60.81,61.24 1 0
stt/services/transaction_service.go:21.79,25.2 1 1
stt/services/transaction_service.go:28.138,30.2 1 0
stt/services/transaction_service.go:33.148,35.2 1 0
stt/services/transaction_service.go:38.93,40.2 1 0
stt/services/transaction_service.go:42.124,43.34 1 1
stt/services/transaction_service.go:43.34,45.3 1 1
stt/services/transaction_service.go:45.8,45.42 1 1
stt/services/transaction_service.go:45.42,47.3 1 1
stt/services/transaction_service.go:48.2,48.66 1 0
stt/services/transaction_service.go:52.131,55.16 2 0
stt/services/transaction_service.go:55.16,57.3 1 0
stt/services/transaction_service.go:58.2,59.80 2 0
stt/services/transaction_service.go:59.80,61.44 2 0
stt/services/transaction_service.go:61.44,67.18 2 0
stt/services/transaction_service.go:67.18,68.29 1 0
stt/services/transaction_service.go:68.29,74.6 1 0
stt/services/transaction_service.go:75.5,75.19 1 0
stt/services/transaction_service.go:75.19,77.6 1 0
stt/services/transaction_service.go:81.4,98.18 2 0
stt/services/transaction_service.go:98.18,100.5 1 0
stt/services/transaction_service.go:103.4,103.44 1 0
stt/services/transaction_service.go:103.44,106.19 2 0
stt/services/transaction_service.go:106.19,108.6 1 0
stt/services/transaction_service.go:109.5,110.48 2 0
stt/services/transaction_service.go:110.48,112.6 1 0
stt/services/transaction_service.go:115.5,120.19 2 0
stt/services/transaction_service.go:120.19,122.6 1 0
stt/services/transaction_service.go:125.5,129.19 2 0
stt/services/transaction_service.go:129.19,131.6 1 0
stt/services/transaction_service.go:133.5,139.78 4 0
stt/services/transaction_service.go:139.78,141.6 1 0
stt/services/transaction_service.go:142.5,165.19 8 0
stt/services/transaction_service.go:165.19,167.6 1 0
stt/services/transaction_service.go:168.10,168.52 1 0
stt/services/transaction_service.go:168.52,169.59 1 0
stt/services/transaction_service.go:169.59,171.6 1 0
stt/services/transaction_service.go:173.5,174.69 2 0
stt/services/transaction_service.go:174.69,176.6 1 0
stt/services/transaction_service.go:179.5,184.19 2 0
stt/services/transaction_service.go:184.19,186.6 1 0
stt/services/transaction_service.go:189.5,195.62 2 0
stt/services/transaction_service.go:195.62,197.6 1 0
stt/services/transaction_service.go:198.5,210.19 2 0
stt/services/transaction_service.go:210.19,212.6 1 0
stt/services/transaction_service.go:214.4,215.68 2 0
stt/services/transaction_service.go:217.3,217.35 1 0
stt/services/transaction_service.go:219.2,219.16 1 0
stt/services/transaction_service.go:219.16,221.3 1 0
stt/services/transaction_service.go:222.2,223.9 2 0
stt/services/transaction_service.go:223.9,225.3 1 0
stt/services/transaction_service.go:226.2,226.49 1 0
stt/services/transaction_service.go:226.49,228.3 1 0
stt/services/transaction_service.go:229.2,229.18 1 0
stt/services/transaction_service.go:232.130,233.78 1 1
stt/services/transaction_service.go:233.78,236.17 2 1
stt/services/transaction_service.go:236.17,237.28 1 0
stt/services/transaction_service.go:237.28,239.5 1 0
stt/services/transaction_service.go:240.4,240.19 1 0
stt/services/transaction_service.go:243.3,244.17 2 1
stt/services/transaction_service.go:244.17,246.4 1 0
stt/services/transaction_service.go:247.3,248.46 2 1
stt/services/transaction_service.go:248.46,250.4 1 0
stt/services/transaction_service.go:253.3,258.17 2 1
stt/services/transaction_service.go:258.17,260.4 1 0
stt/services/transaction_service.go:263.3,267.17 2 1
stt/services/transaction_service.go:267.17,269.4 1 0
stt/services/transaction_service.go:272.3,296.17 5 1
stt/services/transaction_service.go:296.17,298.4 1 0
stt/services/transaction_service.go:301.3,322.17 7 1
stt/services/transaction_service.go:322.17,324.4 1 0
stt/services/transaction_service.go:325.3,325.26 1 1
stt/services/transaction_service.go:327.2,327.16 1 1
stt/services/transaction_service.go:327.16,329.3 1 0
stt/services/transaction_service.go:330.2,331.9 2 1
stt/services/transaction_service.go:331.9,334.3 2 0
stt/services/transaction_service.go:335.2,335.25 1 1
stt/services/transaction_service.go:338.131,339.82 1 1
stt/services/transaction_service.go:339.82,342.17 2 1
stt/services/transaction_service.go:342.17,344.4 1 0
stt/services/transaction_service.go:345.3,345.49 1 1
stt/services/transaction_service.go:345.49,348.4 2 0
stt/services/transaction_service.go:351.3,368.17 2 1
stt/services/transaction_service.go:368.17,370.4 1 0
stt/services/transaction_service.go:373.3,378.17 2 1
stt/services/transaction_service.go:378.17,380.4 1 0
stt/services/transaction_service.go:383.3,387.60 2 1
stt/services/transaction_service.go:387.60,389.4 1 0
stt/services/transaction_service.go:391.3,403.17 2 1
stt/services/transaction_service.go:403.17,405.4 1 0
stt/services/transaction_service.go:407.3,407.26 1 1
stt/services/transaction_service.go:409.2,409.16 1 1
stt/services/transaction_service.go:409.16,411.3 1 0
stt/services/transaction_service.go:412.2,413.9 2 1
stt/services/transaction_service.go:413.9,416.3 2 0
stt/services/transaction_service.go:417.2,417.25 1 1
stt/services/user_service.go:13.65,17.2 1 1
stt/services/user_service.go:20.98,22.2 1 1
stt/services/user_service.go:25.92,27.2 1 1
